<?xml version="1.0" encoding="UTF-8"?>
<!-- Generated by org.testng.reporters.JUnitReportReporter -->
<testsuite hostname="MSI" failures="0" tests="5" name="testScenarios.SummaryScenario" time="98.934" errors="0" timestamp="17 Jan 2022 19:25:14 GMT">
  <testcase classname="testScenarios.SummaryScenario" name="verifySummaryTable" time="15.205"/>
  <testcase classname="testScenarios.SummaryScenario" name="verifyURLTitle" time="13.456"/>
  <testcase classname="testScenarios.SummaryScenario" name="verifySummaryTabOpens" time="21.162"/>
  <testcase classname="testScenarios.SummaryScenario" name="verifyHeader" time="16.743"/>
  <testcase classname="testScenarios.SummaryScenario" name="verifyFullScreenAndBack" time="32.368"/>
</testsuite> <!-- testScenarios.SummaryScenario -->
