<?xml version="1.0" encoding="UTF-8"?>
<!-- Generated by org.testng.reporters.JUnitReportReporter -->
<testsuite hostname="MSI" failures="0" tests="1" name="testScenarios.ProfileScenario" time="32.437" errors="0" timestamp="17 Jan 2022 19:25:14 GMT">
  <testcase classname="testScenarios.ProfileScenario" name="verifyProfileTab" time="32.437"/>
</testsuite> <!-- testScenarios.ProfileScenario -->
