<?xml version="1.0" encoding="UTF-8"?>
<!-- Generated by org.testng.reporters.JUnitReportReporter -->
<testsuite hostname="MSI" failures="0" tests="1" name="testScenarios.HistoricalScenario" time="19.116" errors="0" timestamp="17 Jan 2022 19:25:14 GMT">
  <testcase classname="testScenarios.HistoricalScenario" name="verifyHistoricalTab" time="19.116"/>
</testsuite> <!-- testScenarios.HistoricalScenario -->
