<?xml version="1.0" encoding="UTF-8"?>
<!-- Generated by org.testng.reporters.JUnitReportReporter -->
<testsuite hostname="MSI" failures="0" tests="1" name="testScenarios.HoldersScenario" time="15.970" errors="0" timestamp="17 Jan 2022 19:25:14 GMT">
  <testcase classname="testScenarios.HoldersScenario" name="verifyHoldersTab" time="15.970"/>
</testsuite> <!-- testScenarios.HoldersScenario -->
