<?xml version="1.0" encoding="UTF-8"?>
<!-- Generated by org.testng.reporters.JUnitReportReporter -->
<testsuite hostname="MSI" failures="0" tests="1" name="testScenarios.StatisticsScenario" time="16.957" errors="0" timestamp="17 Jan 2022 19:25:14 GMT">
  <testcase classname="testScenarios.StatisticsScenario" name="verifyStatisticsTab" time="16.957"/>
</testsuite> <!-- testScenarios.StatisticsScenario -->
